<?xml version="1.0" encoding="UTF-8"?>
<!-- Generated by org.testng.reporters.JUnitReportReporter -->
<testsuite hostname="PT168LT" failures="0" tests="3" name="testCases.APITest" time="2.069" errors="0" timestamp="2023-11-06T19:09:30 IST" skipped="0">
  <testcase classname="testCases.APITest" name="addBookTest" time="1.840"/>
  <system-out/>
  <testcase classname="testCases.APITest" name="getBookByID" time="0.129"/>
  <system-out/>
  <testcase classname="testCases.APITest" name="DeleteBook" time="0.100"/>
  <system-out/>
</testsuite> <!-- testCases.APITest -->
