<?xml version="1.0" encoding="UTF-8"?>
<!-- Generated by org.testng.reporters.JUnitReportReporter -->
<testsuite hostname="PT168LT" failures="0" tests="1" name="testCases.test" time="3.825" errors="0" timestamp="2023-11-01T14:49:05 IST" skipped="0">
  <testcase classname="testCases.test" name="test2" time="3.825"/>
  <system-out/>
</testsuite> <!-- testCases.test -->
